<?xml version="1.0" encoding="UTF-8"?>
<!-- Generated by org.testng.reporters.JUnitReportReporter -->
<testsuite hostname="DESKTOP-KAVYA" failures="0" tests="2" name="selenium_revision.CrossBrowserTestingDemo" time="14.348" errors="0" timestamp="2023-06-04T20:23:15 IST" skipped="0">
  <testcase classname="selenium_revision.CrossBrowserTestingDemo" name="verifyTitle" time="5.574"/>
  <system-out/>
  <testcase classname="selenium_revision.CrossBrowserTestingDemo" name="verifyTitle" time="8.774"/>
  <system-out/>
</testsuite> <!-- selenium_revision.CrossBrowserTestingDemo -->
